f:\лабы белодед\lab14_2\lab14_2\x64\debug\vc143.pdb
f:\лабы белодед\lab14_2\lab14_2\x64\debug\vc143.idb
f:\лабы белодед\lab14_2\lab14_2\x64\debug\source.obj
f:\лабы белодед\lab14_2\lab14_2\x64\debug\3 dop.obj
f:\лабы белодед\lab14_2\lab14_2\x64\debug\1 доп.obj
f:\лабы белодед\lab14_2\lab14_2\x64\debug\lab14_2.obj
d:\бгту\ii сем\оаип\лб 13\lab14_2\x64\debug\vc143.pdb
d:\бгту\ii сем\оаип\лб 13\lab14_2\x64\debug\vc143.idb
d:\бгту\ii сем\оаип\лб 13\lab14_2\x64\debug\source.obj
d:\бгту\ii сем\оаип\лб 13\lab14_2\x64\debug\lab14_2.obj
f:\лабы белодед\lab14_2\x64\debug\lab14_2.exe
f:\лабы белодед\lab14_2\lab14_2\x64\debug\lab14_2.ilk
f:\лабы белодед\lab14_2\x64\debug\lab14_2.pdb
d:\бгту\ii сем\оаип\лб 13\x64\debug\lab14_2.exe
d:\бгту\ii сем\оаип\лб 13\lab14_2\x64\debug\lab14_2.ilk
d:\бгту\ii сем\оаип\лб 13\x64\debug\lab14_2.pdb
d:\бгту\ii сем\оаип\лб 13\lab14_2\x64\debug\1 доп.obj
d:\бгту\ii сем\оаип\лб 13\lab14_2\x64\debug\3 dop.obj
d:\бгту\ii сем\оаип\лб 13\lab14_2\x64\debug\source.obj.enc
d:\бгту\ii сем\оаип\лб 13\lab14_2\x64\debug\lab14_2.tlog\cl.command.1.tlog
d:\бгту\ii сем\оаип\лб 13\lab14_2\x64\debug\lab14_2.tlog\cl.items.tlog
d:\бгту\ii сем\оаип\лб 13\lab14_2\x64\debug\lab14_2.tlog\cl.read.1.tlog
d:\бгту\ii сем\оаип\лб 13\lab14_2\x64\debug\lab14_2.tlog\cl.write.1.tlog
d:\бгту\ii сем\оаип\лб 13\lab14_2\x64\debug\lab14_2.tlog\link.command.1.tlog
d:\бгту\ii сем\оаип\лб 13\lab14_2\x64\debug\lab14_2.tlog\link.read.1.tlog
d:\бгту\ii сем\оаип\лб 13\lab14_2\x64\debug\lab14_2.tlog\link.write.1.tlog
